<?xml version="1.0" encoding="UTF-8"?>
<!-- Generated by org.testng.reporters.JUnitReportReporter -->
<testsuite skipped="0" hostname="apples-MacBook-Air.local" name="TestSuite.TC02" tests="2" failures="0" timestamp="14 Apr 2018 12:32:23 GMT" time="13.154" errors="0">
  <testcase name="login" time="13.065" classname="TestSuite.TC02"/>
  <testcase name="clickRadios" time="0.089" classname="TestSuite.TC02"/>
</testsuite> <!-- TestSuite.TC02 -->
