<?xml version="1.0" encoding="UTF-8"?>
<!-- Generated by org.testng.reporters.JUnitReportReporter -->
<testsuite skipped="0" hostname="apples-MacBook-Air.local" name="TestSuite.TC03" tests="2" failures="0" timestamp="15 Apr 2018 02:56:19 GMT" time="4.369" errors="0">
  <testcase name="login" time="4.282" classname="TestSuite.TC03"/>
  <testcase name="clickRadios" time="0.087" classname="TestSuite.TC03"/>
</testsuite> <!-- TestSuite.TC03 -->
